# JRE version: Java(TM) SE Runtime Environment (8.0_271-b09) (build 1.8.0_271-b09)
# Java VM: Java HotSpot(TM) 64-Bit Server VM (25.271-b09 mixed mode windows-amd64 compressed oops)
Heap:
 PSYoungGen      total 41984K, used 8056K [0x00000000d7200000, 0x00000000da080000, 0x0000000100000000)
  eden space 36864K, 7% used [0x00000000d7200000,0x00000000d74defe8,0x00000000d9600000)
  from space 5120K, 99% used [0x00000000d9b80000,0x00000000da07f2c8,0x00000000da080000)
  to   space 5120K, 0% used [0x00000000d9680000,0x00000000d9680000,0x00000000d9b80000)
 ParOldGen       total 78848K, used 15473K [0x0000000085600000, 0x000000008a300000, 0x00000000d7200000)
  object space 78848K, 19% used [0x0000000085600000,0x000000008651c5e0,0x000000008a300000)
 Metaspace       used 30056K, capacity 31254K, committed 31488K, reserved 1077248K
  class space    used 4011K, capacity 4282K, committed 4352K, reserved 1048576K
GC Heap History (10 events):
Event: 2.059 GC heap before
{Heap before GC invocations=1 (full 0):
 PSYoungGen      total 36864K, used 31744K [0x00000000d7200000, 0x00000000d9b00000, 0x0000000100000000)
  eden space 31744K, 100% used [0x00000000d7200000,0x00000000d9100000,0x00000000d9100000)
  from space 5120K, 0% used [0x00000000d9600000,0x00000000d9600000,0x00000000d9b00000)
  to   space 5120K, 0% used [0x00000000d9100000,0x00000000d9100000,0x00000000d9600000)
 ParOldGen       total 84992K, used 0K [0x0000000085600000, 0x000000008a900000, 0x00000000d7200000)
  object space 84992K, 0% used [0x0000000085600000,0x0000000085600000,0x000000008a900000)
 Metaspace       used 13468K, capacity 13920K, committed 14080K, reserved 1060864K
  class space    used 1774K, capacity 1929K, committed 2048K, reserved 1048576K
Event: 2.065 GC heap after
Heap after GC invocations=1 (full 0):
 PSYoungGen      total 36864K, used 3920K [0x00000000d7200000, 0x00000000d9b00000, 0x0000000100000000)
  eden space 31744K, 0% used [0x00000000d7200000,0x00000000d7200000,0x00000000d9100000)
  from space 5120K, 76% used [0x00000000d9100000,0x00000000d94d4030,0x00000000d9600000)
  to   space 5120K, 0% used [0x00000000d9600000,0x00000000d9600000,0x00000000d9b00000)
 ParOldGen       total 84992K, used 72K [0x0000000085600000, 0x000000008a900000, 0x00000000d7200000)
  object space 84992K, 0% used [0x0000000085600000,0x0000000085612010,0x000000008a900000)
 Metaspace       used 13468K, capacity 13920K, committed 14080K, reserved 1060864K
  class space    used 1774K, capacity 1929K, committed 2048K, reserved 1048576K
}
Event: 16.064 GC heap before
{Heap before GC invocations=2 (full 0):
 PSYoungGen      total 36864K, used 31950K [0x00000000d7200000, 0x00000000d9b00000, 0x0000000100000000)
  eden space 31744K, 88% used [0x00000000d7200000,0x00000000d8d5f9e8,0x00000000d9100000)
  from space 5120K, 76% used [0x00000000d9100000,0x00000000d94d4030,0x00000000d9600000)
  to   space 5120K, 0% used [0x00000000d9600000,0x00000000d9600000,0x00000000d9b00000)
 ParOldGen       total 84992K, used 72K [0x0000000085600000, 0x000000008a900000, 0x00000000d7200000)
  object space 84992K, 0% used [0x0000000085600000,0x0000000085612010,0x000000008a900000)
 Metaspace       used 20365K, capacity 21014K, committed 21248K, reserved 1067008K
  class space    used 2752K, capacity 2954K, committed 3072K, reserved 1048576K
Event: 16.075 GC heap after
Heap after GC invocations=2 (full 0):
 PSYoungGen      total 36864K, used 5090K [0x00000000d7200000, 0x00000000d9b00000, 0x0000000100000000)
  eden space 31744K, 0% used [0x00000000d7200000,0x00000000d7200000,0x00000000d9100000)
  from space 5120K, 99% used [0x00000000d9600000,0x00000000d9af8a50,0x00000000d9b00000)
  to   space 5120K, 0% used [0x00000000d9100000,0x00000000d9100000,0x00000000d9600000)
 ParOldGen       total 84992K, used 7307K [0x0000000085600000, 0x000000008a900000, 0x00000000d7200000)
  object space 84992K, 8% used [0x0000000085600000,0x0000000085d22e70,0x000000008a900000)
 Metaspace       used 20365K, capacity 21014K, committed 21248K, reserved 1067008K
  class space    used 2752K, capacity 2954K, committed 3072K, reserved 1048576K
}
Event: 16.075 GC heap before
{Heap before GC invocations=3 (full 1):
 PSYoungGen      total 36864K, used 5090K [0x00000000d7200000, 0x00000000d9b00000, 0x0000000100000000)
  eden space 31744K, 0% used [0x00000000d7200000,0x00000000d7200000,0x00000000d9100000)
  from space 5120K, 99% used [0x00000000d9600000,0x00000000d9af8a50,0x00000000d9b00000)
  to   space 5120K, 0% used [0x00000000d9100000,0x00000000d9100000,0x00000000d9600000)
 ParOldGen       total 84992K, used 7307K [0x0000000085600000, 0x000000008a900000, 0x00000000d7200000)
  object space 84992K, 8% used [0x0000000085600000,0x0000000085d22e70,0x000000008a900000)
 Metaspace       used 20365K, capacity 21014K, committed 21248K, reserved 1067008K
  class space    used 2752K, capacity 2954K, committed 3072K, reserved 1048576K
Event: 16.260 GC heap after
Heap after GC invocations=3 (full 1):
 PSYoungGen      total 36864K, used 0K [0x00000000d7200000, 0x00000000d9b00000, 0x0000000100000000)
  eden space 31744K, 0% used [0x00000000d7200000,0x00000000d7200000,0x00000000d9100000)
  from space 5120K, 0% used [0x00000000d9600000,0x00000000d9600000,0x00000000d9b00000)
  to   space 5120K, 0% used [0x00000000d9100000,0x00000000d9100000,0x00000000d9600000)
 ParOldGen       total 78848K, used 10238K [0x0000000085600000, 0x000000008a300000, 0x00000000d7200000)
  object space 78848K, 12% used [0x0000000085600000,0x0000000085fffae0,0x000000008a300000)
 Metaspace       used 20365K, capacity 21014K, committed 21248K, reserved 1067008K
  class space    used 2752K, capacity 2954K, committed 3072K, reserved 1048576K
}
Event: 17.885 GC heap before
{Heap before GC invocations=4 (full 1):
 PSYoungGen      total 36864K, used 31744K [0x00000000d7200000, 0x00000000d9b00000, 0x0000000100000000)
  eden space 31744K, 100% used [0x00000000d7200000,0x00000000d9100000,0x00000000d9100000)
  from space 5120K, 0% used [0x00000000d9600000,0x00000000d9600000,0x00000000d9b00000)
  to   space 5120K, 0% used [0x00000000d9100000,0x00000000d9100000,0x00000000d9600000)
 ParOldGen       total 78848K, used 10238K [0x0000000085600000, 0x000000008a300000, 0x00000000d7200000)
  object space 78848K, 12% used [0x0000000085600000,0x0000000085fffae0,0x000000008a300000)
 Metaspace       used 26093K, capacity 26904K, committed 27392K, reserved 1073152K
  class space    used 3507K, capacity 3725K, committed 3840K, reserved 1048576K
Event: 17.892 GC heap after
Heap after GC invocations=4 (full 1):
 PSYoungGen      total 36864K, used 5097K [0x00000000d7200000, 0x00000000da080000, 0x0000000100000000)
  eden space 31744K, 0% used [0x00000000d7200000,0x00000000d7200000,0x00000000d9100000)
  from space 5120K, 99% used [0x00000000d9100000,0x00000000d95fa4e8,0x00000000d9600000)
  to   space 5120K, 0% used [0x00000000d9b80000,0x00000000d9b80000,0x00000000da080000)
 ParOldGen       total 78848K, used 10744K [0x0000000085600000, 0x000000008a300000, 0x00000000d7200000)
  object space 78848K, 13% used [0x0000000085600000,0x000000008607e398,0x000000008a300000)
 Metaspace       used 26093K, capacity 26904K, committed 27392K, reserved 1073152K
  class space    used 3507K, capacity 3725K, committed 3840K, reserved 1048576K
}
Event: 26.675 GC heap before
{Heap before GC invocations=5 (full 1):
 PSYoungGen      total 36864K, used 36841K [0x00000000d7200000, 0x00000000da080000, 0x0000000100000000)
  eden space 31744K, 100% used [0x00000000d7200000,0x00000000d9100000,0x00000000d9100000)
  from space 5120K, 99% used [0x00000000d9100000,0x00000000d95fa4e8,0x00000000d9600000)
  to   space 5120K, 0% used [0x00000000d9b80000,0x00000000d9b80000,0x00000000da080000)
 ParOldGen       total 78848K, used 10744K [0x0000000085600000, 0x000000008a300000, 0x00000000d7200000)
  object space 78848K, 13% used [0x0000000085600000,0x000000008607e398,0x000000008a300000)
 Metaspace       used 29940K, capacity 31182K, committed 31488K, reserved 1077248K
  class space    used 3999K, capacity 4280K, committed 4352K, reserved 1048576K
Event: 26.683 GC heap after
Heap after GC invocations=5 (full 1):
 PSYoungGen      total 41984K, used 5116K [0x00000000d7200000, 0x00000000da080000, 0x0000000100000000)
  eden space 36864K, 0% used [0x00000000d7200000,0x00000000d7200000,0x00000000d9600000)
  from space 5120K, 99% used [0x00000000d9b80000,0x00000000da07f2c8,0x00000000da080000)
  to   space 5120K, 0% used [0x00000000d9680000,0x00000000d9680000,0x00000000d9b80000)
 ParOldGen       total 78848K, used 15473K [0x0000000085600000, 0x000000008a300000, 0x00000000d7200000)
  object space 78848K, 19% used [0x0000000085600000,0x000000008651c5e0,0x000000008a300000)
 Metaspace       used 29940K, capacity 31182K, committed 31488K, reserved 1077248K
  class space    used 3999K, capacity 4280K, committed 4352K, reserved 1048576K
}

