# JRE version: Java(TM) SE Runtime Environment (8.0_271-b09) (build 1.8.0_271-b09)
# Java VM: Java HotSpot(TM) 64-Bit Server VM (25.271-b09 mixed mode windows-amd64 compressed oops)
Heap:
 PSYoungGen      total 36864K, used 9119K [0x00000000d7200000, 0x00000000d9b00000, 0x0000000100000000)
  eden space 31744K, 12% used [0x00000000d7200000,0x00000000d75e8fc8,0x00000000d9100000)
  from space 5120K, 99% used [0x00000000d9600000,0x00000000d9afec78,0x00000000d9b00000)
  to   space 5120K, 0% used [0x00000000d9100000,0x00000000d9100000,0x00000000d9600000)
 ParOldGen       total 48640K, used 15245K [0x0000000085600000, 0x0000000088580000, 0x00000000d7200000)
  object space 48640K, 31% used [0x0000000085600000,0x00000000864e36a8,0x0000000088580000)
 Metaspace       used 29860K, capacity 31114K, committed 31232K, reserved 1077248K
  class space    used 3989K, capacity 4280K, committed 4352K, reserved 1048576K
GC Heap History (10 events):
Event: 2.193 GC heap before
{Heap before GC invocations=1 (full 0):
 PSYoungGen      total 36864K, used 31744K [0x00000000d7200000, 0x00000000d9b00000, 0x0000000100000000)
  eden space 31744K, 100% used [0x00000000d7200000,0x00000000d9100000,0x00000000d9100000)
  from space 5120K, 0% used [0x00000000d9600000,0x00000000d9600000,0x00000000d9b00000)
  to   space 5120K, 0% used [0x00000000d9100000,0x00000000d9100000,0x00000000d9600000)
 ParOldGen       total 84992K, used 0K [0x0000000085600000, 0x000000008a900000, 0x00000000d7200000)
  object space 84992K, 0% used [0x0000000085600000,0x0000000085600000,0x000000008a900000)
 Metaspace       used 13454K, capacity 13916K, committed 14080K, reserved 1060864K
  class space    used 1773K, capacity 1929K, committed 2048K, reserved 1048576K
Event: 2.199 GC heap after
Heap after GC invocations=1 (full 0):
 PSYoungGen      total 36864K, used 3904K [0x00000000d7200000, 0x00000000d9b00000, 0x0000000100000000)
  eden space 31744K, 0% used [0x00000000d7200000,0x00000000d7200000,0x00000000d9100000)
  from space 5120K, 76% used [0x00000000d9100000,0x00000000d94d0020,0x00000000d9600000)
  to   space 5120K, 0% used [0x00000000d9600000,0x00000000d9600000,0x00000000d9b00000)
 ParOldGen       total 84992K, used 80K [0x0000000085600000, 0x000000008a900000, 0x00000000d7200000)
  object space 84992K, 0% used [0x0000000085600000,0x0000000085614010,0x000000008a900000)
 Metaspace       used 13454K, capacity 13916K, committed 14080K, reserved 1060864K
  class space    used 1773K, capacity 1929K, committed 2048K, reserved 1048576K
}
Event: 11.880 GC heap before
{Heap before GC invocations=2 (full 0):
 PSYoungGen      total 36864K, used 31807K [0x00000000d7200000, 0x00000000d9b00000, 0x0000000100000000)
  eden space 31744K, 87% used [0x00000000d7200000,0x00000000d8d3fc50,0x00000000d9100000)
  from space 5120K, 76% used [0x00000000d9100000,0x00000000d94d0020,0x00000000d9600000)
  to   space 5120K, 0% used [0x00000000d9600000,0x00000000d9600000,0x00000000d9b00000)
 ParOldGen       total 84992K, used 80K [0x0000000085600000, 0x000000008a900000, 0x00000000d7200000)
  object space 84992K, 0% used [0x0000000085600000,0x0000000085614010,0x000000008a900000)
 Metaspace       used 20351K, capacity 21074K, committed 21248K, reserved 1067008K
  class space    used 2749K, capacity 2954K, committed 3072K, reserved 1048576K
Event: 11.893 GC heap after
Heap after GC invocations=2 (full 0):
 PSYoungGen      total 36864K, used 5088K [0x00000000d7200000, 0x00000000d9b00000, 0x0000000100000000)
  eden space 31744K, 0% used [0x00000000d7200000,0x00000000d7200000,0x00000000d9100000)
  from space 5120K, 99% used [0x00000000d9600000,0x00000000d9af8040,0x00000000d9b00000)
  to   space 5120K, 0% used [0x00000000d9100000,0x00000000d9100000,0x00000000d9600000)
 ParOldGen       total 84992K, used 5280K [0x0000000085600000, 0x000000008a900000, 0x00000000d7200000)
  object space 84992K, 6% used [0x0000000085600000,0x0000000085b28340,0x000000008a900000)
 Metaspace       used 20351K, capacity 21074K, committed 21248K, reserved 1067008K
  class space    used 2749K, capacity 2954K, committed 3072K, reserved 1048576K
}
Event: 11.893 GC heap before
{Heap before GC invocations=3 (full 1):
 PSYoungGen      total 36864K, used 5088K [0x00000000d7200000, 0x00000000d9b00000, 0x0000000100000000)
  eden space 31744K, 0% used [0x00000000d7200000,0x00000000d7200000,0x00000000d9100000)
  from space 5120K, 99% used [0x00000000d9600000,0x00000000d9af8040,0x00000000d9b00000)
  to   space 5120K, 0% used [0x00000000d9100000,0x00000000d9100000,0x00000000d9600000)
 ParOldGen       total 84992K, used 5280K [0x0000000085600000, 0x000000008a900000, 0x00000000d7200000)
  object space 84992K, 6% used [0x0000000085600000,0x0000000085b28340,0x000000008a900000)
 Metaspace       used 20351K, capacity 21074K, committed 21248K, reserved 1067008K
  class space    used 2749K, capacity 2954K, committed 3072K, reserved 1048576K
Event: 11.977 GC heap after
Heap after GC invocations=3 (full 1):
 PSYoungGen      total 36864K, used 0K [0x00000000d7200000, 0x00000000d9b00000, 0x0000000100000000)
  eden space 31744K, 0% used [0x00000000d7200000,0x00000000d7200000,0x00000000d9100000)
  from space 5120K, 0% used [0x00000000d9600000,0x00000000d9600000,0x00000000d9b00000)
  to   space 5120K, 0% used [0x00000000d9100000,0x00000000d9100000,0x00000000d9600000)
 ParOldGen       total 48640K, used 10234K [0x0000000085600000, 0x0000000088580000, 0x00000000d7200000)
  object space 48640K, 21% used [0x0000000085600000,0x0000000085ffe890,0x0000000088580000)
 Metaspace       used 20351K, capacity 21074K, committed 21248K, reserved 1067008K
  class space    used 2749K, capacity 2954K, committed 3072K, reserved 1048576K
}
Event: 13.565 GC heap before
{Heap before GC invocations=4 (full 1):
 PSYoungGen      total 36864K, used 31744K [0x00000000d7200000, 0x00000000d9b00000, 0x0000000100000000)
  eden space 31744K, 100% used [0x00000000d7200000,0x00000000d9100000,0x00000000d9100000)
  from space 5120K, 0% used [0x00000000d9600000,0x00000000d9600000,0x00000000d9b00000)
  to   space 5120K, 0% used [0x00000000d9100000,0x00000000d9100000,0x00000000d9600000)
 ParOldGen       total 48640K, used 10234K [0x0000000085600000, 0x0000000088580000, 0x00000000d7200000)
  object space 48640K, 21% used [0x0000000085600000,0x0000000085ffe890,0x0000000088580000)
 Metaspace       used 26043K, capacity 26836K, committed 27136K, reserved 1073152K
  class space    used 3498K, capacity 3725K, committed 3840K, reserved 1048576K
Event: 13.571 GC heap after
Heap after GC invocations=4 (full 1):
 PSYoungGen      total 36864K, used 5108K [0x00000000d7200000, 0x00000000d9b00000, 0x0000000100000000)
  eden space 31744K, 0% used [0x00000000d7200000,0x00000000d7200000,0x00000000d9100000)
  from space 5120K, 99% used [0x00000000d9100000,0x00000000d95fd080,0x00000000d9600000)
  to   space 5120K, 0% used [0x00000000d9600000,0x00000000d9600000,0x00000000d9b00000)
 ParOldGen       total 48640K, used 10696K [0x0000000085600000, 0x0000000088580000, 0x00000000d7200000)
  object space 48640K, 21% used [0x0000000085600000,0x0000000086072210,0x0000000088580000)
 Metaspace       used 26043K, capacity 26836K, committed 27136K, reserved 1073152K
  class space    used 3498K, capacity 3725K, committed 3840K, reserved 1048576K
}
Event: 21.147 GC heap before
{Heap before GC invocations=5 (full 1):
 PSYoungGen      total 36864K, used 36852K [0x00000000d7200000, 0x00000000d9b00000, 0x0000000100000000)
  eden space 31744K, 100% used [0x00000000d7200000,0x00000000d9100000,0x00000000d9100000)
  from space 5120K, 99% used [0x00000000d9100000,0x00000000d95fd080,0x00000000d9600000)
  to   space 5120K, 0% used [0x00000000d9600000,0x00000000d9600000,0x00000000d9b00000)
 ParOldGen       total 48640K, used 10696K [0x0000000085600000, 0x0000000088580000, 0x00000000d7200000)
  object space 48640K, 21% used [0x0000000085600000,0x0000000086072210,0x0000000088580000)
 Metaspace       used 29576K, capacity 30826K, committed 30976K, reserved 1075200K
  class space    used 3973K, capacity 4248K, committed 4352K, reserved 1048576K
Event: 21.155 GC heap after
Heap after GC invocations=5 (full 1):
 PSYoungGen      total 36864K, used 5115K [0x00000000d7200000, 0x00000000d9b00000, 0x0000000100000000)
  eden space 31744K, 0% used [0x00000000d7200000,0x00000000d7200000,0x00000000d9100000)
  from space 5120K, 99% used [0x00000000d9600000,0x00000000d9afec78,0x00000000d9b00000)
  to   space 5120K, 0% used [0x00000000d9100000,0x00000000d9100000,0x00000000d9600000)
 ParOldGen       total 48640K, used 15245K [0x0000000085600000, 0x0000000088580000, 0x00000000d7200000)
  object space 48640K, 31% used [0x0000000085600000,0x00000000864e36a8,0x0000000088580000)
 Metaspace       used 29576K, capacity 30826K, committed 30976K, reserved 1075200K
  class space    used 3973K, capacity 4248K, committed 4352K, reserved 1048576K
}

