# JRE version: Java(TM) SE Runtime Environment (8.0_271-b09) (build 1.8.0_271-b09)
# Java VM: Java HotSpot(TM) 64-Bit Server VM (25.271-b09 mixed mode windows-amd64 compressed oops)
Heap:
 PSYoungGen      total 36864K, used 36074K [0x00000000d7200000, 0x00000000d9b00000, 0x0000000100000000)
  eden space 31744K, 97% used [0x00000000d7200000,0x00000000d9040400,0x00000000d9100000)
  from space 5120K, 99% used [0x00000000d9100000,0x00000000d95fa4c8,0x00000000d9600000)
  to   space 5120K, 0% used [0x00000000d9600000,0x00000000d9600000,0x00000000d9b00000)
 ParOldGen       total 51200K, used 10736K [0x0000000085600000, 0x0000000088800000, 0x00000000d7200000)
  object space 51200K, 20% used [0x0000000085600000,0x000000008607c008,0x0000000088800000)
 Metaspace       used 29666K, capacity 30932K, committed 31232K, reserved 1077248K
  class space    used 3976K, capacity 4281K, committed 4352K, reserved 1048576K
GC Heap History (8 events):
Event: 1.370 GC heap before
{Heap before GC invocations=1 (full 0):
 PSYoungGen      total 36864K, used 31744K [0x00000000d7200000, 0x00000000d9b00000, 0x0000000100000000)
  eden space 31744K, 100% used [0x00000000d7200000,0x00000000d9100000,0x00000000d9100000)
  from space 5120K, 0% used [0x00000000d9600000,0x00000000d9600000,0x00000000d9b00000)
  to   space 5120K, 0% used [0x00000000d9100000,0x00000000d9100000,0x00000000d9600000)
 ParOldGen       total 84992K, used 0K [0x0000000085600000, 0x000000008a900000, 0x00000000d7200000)
  object space 84992K, 0% used [0x0000000085600000,0x0000000085600000,0x000000008a900000)
 Metaspace       used 13492K, capacity 13916K, committed 14080K, reserved 1060864K
  class space    used 1775K, capacity 1929K, committed 2048K, reserved 1048576K
Event: 1.376 GC heap after
Heap after GC invocations=1 (full 0):
 PSYoungGen      total 36864K, used 3968K [0x00000000d7200000, 0x00000000d9b00000, 0x0000000100000000)
  eden space 31744K, 0% used [0x00000000d7200000,0x00000000d7200000,0x00000000d9100000)
  from space 5120K, 77% used [0x00000000d9100000,0x00000000d94e0020,0x00000000d9600000)
  to   space 5120K, 0% used [0x00000000d9600000,0x00000000d9600000,0x00000000d9b00000)
 ParOldGen       total 84992K, used 80K [0x0000000085600000, 0x000000008a900000, 0x00000000d7200000)
  object space 84992K, 0% used [0x0000000085600000,0x0000000085614010,0x000000008a900000)
 Metaspace       used 13492K, capacity 13916K, committed 14080K, reserved 1060864K
  class space    used 1775K, capacity 1929K, committed 2048K, reserved 1048576K
}
Event: 17.754 GC heap before
{Heap before GC invocations=2 (full 0):
 PSYoungGen      total 36864K, used 31321K [0x00000000d7200000, 0x00000000d9b00000, 0x0000000100000000)
  eden space 31744K, 86% used [0x00000000d7200000,0x00000000d8cb65a0,0x00000000d9100000)
  from space 5120K, 77% used [0x00000000d9100000,0x00000000d94e0020,0x00000000d9600000)
  to   space 5120K, 0% used [0x00000000d9600000,0x00000000d9600000,0x00000000d9b00000)
 ParOldGen       total 84992K, used 80K [0x0000000085600000, 0x000000008a900000, 0x00000000d7200000)
  object space 84992K, 0% used [0x0000000085600000,0x0000000085614010,0x000000008a900000)
 Metaspace       used 20327K, capacity 21074K, committed 21248K, reserved 1067008K
  class space    used 2745K, capacity 2954K, committed 3072K, reserved 1048576K
Event: 17.763 GC heap after
Heap after GC invocations=2 (full 0):
 PSYoungGen      total 36864K, used 5088K [0x00000000d7200000, 0x00000000d9b00000, 0x0000000100000000)
  eden space 31744K, 0% used [0x00000000d7200000,0x00000000d7200000,0x00000000d9100000)
  from space 5120K, 99% used [0x00000000d9600000,0x00000000d9af8050,0x00000000d9b00000)
  to   space 5120K, 0% used [0x00000000d9100000,0x00000000d9100000,0x00000000d9600000)
 ParOldGen       total 84992K, used 7279K [0x0000000085600000, 0x000000008a900000, 0x00000000d7200000)
  object space 84992K, 8% used [0x0000000085600000,0x0000000085d1bff8,0x000000008a900000)
 Metaspace       used 20327K, capacity 21074K, committed 21248K, reserved 1067008K
  class space    used 2745K, capacity 2954K, committed 3072K, reserved 1048576K
}
Event: 17.763 GC heap before
{Heap before GC invocations=3 (full 1):
 PSYoungGen      total 36864K, used 5088K [0x00000000d7200000, 0x00000000d9b00000, 0x0000000100000000)
  eden space 31744K, 0% used [0x00000000d7200000,0x00000000d7200000,0x00000000d9100000)
  from space 5120K, 99% used [0x00000000d9600000,0x00000000d9af8050,0x00000000d9b00000)
  to   space 5120K, 0% used [0x00000000d9100000,0x00000000d9100000,0x00000000d9600000)
 ParOldGen       total 84992K, used 7279K [0x0000000085600000, 0x000000008a900000, 0x00000000d7200000)
  object space 84992K, 8% used [0x0000000085600000,0x0000000085d1bff8,0x000000008a900000)
 Metaspace       used 20327K, capacity 21074K, committed 21248K, reserved 1067008K
  class space    used 2745K, capacity 2954K, committed 3072K, reserved 1048576K
Event: 17.801 GC heap after
Heap after GC invocations=3 (full 1):
 PSYoungGen      total 36864K, used 0K [0x00000000d7200000, 0x00000000d9b00000, 0x0000000100000000)
  eden space 31744K, 0% used [0x00000000d7200000,0x00000000d7200000,0x00000000d9100000)
  from space 5120K, 0% used [0x00000000d9600000,0x00000000d9600000,0x00000000d9b00000)
  to   space 5120K, 0% used [0x00000000d9100000,0x00000000d9100000,0x00000000d9600000)
 ParOldGen       total 51200K, used 10235K [0x0000000085600000, 0x0000000088800000, 0x00000000d7200000)
  object space 51200K, 19% used [0x0000000085600000,0x0000000085ffed20,0x0000000088800000)
 Metaspace       used 20327K, capacity 21074K, committed 21248K, reserved 1067008K
  class space    used 2745K, capacity 2954K, committed 3072K, reserved 1048576K
}
Event: 19.201 GC heap before
{Heap before GC invocations=4 (full 1):
 PSYoungGen      total 36864K, used 31744K [0x00000000d7200000, 0x00000000d9b00000, 0x0000000100000000)
  eden space 31744K, 100% used [0x00000000d7200000,0x00000000d9100000,0x00000000d9100000)
  from space 5120K, 0% used [0x00000000d9600000,0x00000000d9600000,0x00000000d9b00000)
  to   space 5120K, 0% used [0x00000000d9100000,0x00000000d9100000,0x00000000d9600000)
 ParOldGen       total 51200K, used 10235K [0x0000000085600000, 0x0000000088800000, 0x00000000d7200000)
  object space 51200K, 19% used [0x0000000085600000,0x0000000085ffed20,0x0000000088800000)
 Metaspace       used 26049K, capacity 26836K, committed 27136K, reserved 1073152K
  class space    used 3499K, capacity 3725K, committed 3840K, reserved 1048576K
Event: 19.208 GC heap after
Heap after GC invocations=4 (full 1):
 PSYoungGen      total 36864K, used 5097K [0x00000000d7200000, 0x00000000d9b00000, 0x0000000100000000)
  eden space 31744K, 0% used [0x00000000d7200000,0x00000000d7200000,0x00000000d9100000)
  from space 5120K, 99% used [0x00000000d9100000,0x00000000d95fa4c8,0x00000000d9600000)
  to   space 5120K, 0% used [0x00000000d9600000,0x00000000d9600000,0x00000000d9b00000)
 ParOldGen       total 51200K, used 10736K [0x0000000085600000, 0x0000000088800000, 0x00000000d7200000)
  object space 51200K, 20% used [0x0000000085600000,0x000000008607c008,0x0000000088800000)
 Metaspace       used 26049K, capacity 26836K, committed 27136K, reserved 1073152K
  class space    used 3499K, capacity 3725K, committed 3840K, reserved 1048576K
}

